<?xml version="1.0" encoding="UTF-8"?>
<!-- Generated by org.testng.reporters.JUnitReportReporter -->
<testsuite hostname="CLAP1925" failures="0" tests="6" name="xyz.day1" time="0.012" errors="0" timestamp="2022-06-07T11:43:32 IST" skipped="0">
  <testcase classname="xyz.day1" name="logindemo2" time="0.001"/>
  <system-out/>
  <testcase classname="xyz.day1" name="logindemo3" time="0.001"/>
  <system-out/>
  <testcase classname="xyz.day1" name="logindemo4" time="0.001"/>
  <system-out/>
  <testcase classname="xyz.day1" name="logindemo6" time="0.001"/>
  <system-out/>
  <testcase classname="xyz.day1" name="logindemo1" time="0.007"/>
  <system-out/>
  <testcase classname="xyz.day1" name="logindemo5" time="0.001"/>
  <system-out/>
</testsuite> <!-- xyz.day1 -->
