<?xml version="1.0" encoding="UTF-8"?>
<!-- Generated by org.testng.reporters.JUnitReportReporter -->
<testsuite hostname="CLAP1925" failures="0" tests="1" name="xyz.day2" time="0.000" errors="0" timestamp="2022-06-07T11:23:38 IST" skipped="0">
  <testcase classname="xyz.day2" name="signIn4" time="0.000"/>
  <system-out/>
</testsuite> <!-- xyz.day2 -->
